This file contains any messages produced by compilers while
running configure, to aid debugging if configure makes a mistake.

It was created by dbus-python configure 1.2.0, which was
generated by GNU Autoconf 2.69.  Invocation command line was

  $ ./configure 

## --------- ##
## Platform. ##
## --------- ##

hostname = jinhuili-desk
uname -m = x86_64
uname -r = 3.16.0-30-generic
uname -s = Linux
uname -v = #40~14.04.1-Ubuntu SMP Thu Jan 15 17:43:14 UTC 2015

/usr/bin/uname -p = unknown
/bin/uname -X     = unknown

/bin/arch              = unknown
/usr/bin/arch -k       = unknown
/usr/convex/getsysinfo = unknown
/usr/bin/hostinfo      = unknown
/bin/machine           = unknown
/usr/bin/oslevel       = unknown
/bin/universe          = unknown

PATH: /usr/lib/jvm/java-7-openjdk-amd64/bin
PATH: /home/lh/bin
PATH: /usr/lib/jvm/java-7-openjdk-amd64/bin
PATH: /home/lh/sw/android-studio/bin
PATH: /usr/local/sbin
PATH: /usr/local/bin
PATH: /usr/sbin
PATH: /usr/bin
PATH: /sbin
PATH: /bin
PATH: /usr/games
PATH: /usr/local/games
PATH: /home/lh/bin
PATH: /home/lh/sw/asdk/platform-tools
PATH: /home/lh/bin
PATH: /sbin
PATH: /home/lh/sw/asdk/tools
PATH: /home/lh/sw/asdk/platform-tools
PATH: /home/lh/bin
PATH: /sbin
PATH: /home/lh/sw/asdk/tools


## ----------- ##
## Core tests. ##
## ----------- ##

configure:2197: checking whether make supports nested variables
configure:2214: result: yes
configure:2291: checking for a BSD-compatible install
configure:2359: result: /usr/bin/install -c
configure:2370: checking whether build environment is sane
configure:2420: result: yes
configure:2561: checking for a thread-safe mkdir -p
configure:2600: result: /bin/mkdir -p
configure:2613: checking for gawk
configure:2643: result: no
configure:2613: checking for mawk
configure:2629: found /usr/bin/mawk
configure:2640: result: mawk
configure:2651: checking whether make sets $(MAKE)
configure:2673: result: yes
configure:2758: checking build system type
configure:2772: result: x86_64-unknown-linux-gnu
configure:2792: checking host system type
configure:2805: result: x86_64-unknown-linux-gnu
configure:2827: checking for native Windows host
configure:2837: result: no
configure:2928: checking how to print strings
configure:2955: result: printf
configure:2988: checking for style of include used by make
configure:3016: result: GNU
configure:3087: checking for gcc
configure:3103: found /usr/bin/gcc
configure:3114: result: gcc
configure:3343: checking for C compiler version
configure:3352: gcc --version >&5
gcc (Ubuntu 4.8.4-2ubuntu1~14.04) 4.8.4
Copyright (C) 2013 Free Software Foundation, Inc.
This is free software; see the source for copying conditions.  There is NO
warranty; not even for MERCHANTABILITY or FITNESS FOR A PARTICULAR PURPOSE.

configure:3363: $? = 0
configure:3352: gcc -v >&5
Using built-in specs.
COLLECT_GCC=gcc
COLLECT_LTO_WRAPPER=/usr/lib/gcc/x86_64-linux-gnu/4.8/lto-wrapper
Target: x86_64-linux-gnu
Configured with: ../src/configure -v --with-pkgversion='Ubuntu 4.8.4-2ubuntu1~14.04' --with-bugurl=file:///usr/share/doc/gcc-4.8/README.Bugs --enable-languages=c,c++,java,go,d,fortran,objc,obj-c++ --prefix=/usr --program-suffix=-4.8 --enable-shared --enable-linker-build-id --libexecdir=/usr/lib --without-included-gettext --enable-threads=posix --with-gxx-include-dir=/usr/include/c++/4.8 --libdir=/usr/lib --enable-nls --with-sysroot=/ --enable-clocale=gnu --enable-libstdcxx-debug --enable-libstdcxx-time=yes --enable-gnu-unique-object --disable-libmudflap --enable-plugin --with-system-zlib --disable-browser-plugin --enable-java-awt=gtk --enable-gtk-cairo --with-java-home=/usr/lib/jvm/java-1.5.0-gcj-4.8-amd64/jre --enable-java-home --with-jvm-root-dir=/usr/lib/jvm/java-1.5.0-gcj-4.8-amd64 --with-jvm-jar-dir=/usr/lib/jvm-exports/java-1.5.0-gcj-4.8-amd64 --with-arch-directory=amd64 --with-ecj-jar=/usr/share/java/eclipse-ecj.jar --enable-objc-gc --enable-multiarch --disable-werror --with-arch-32=i686 --with-abi=m64 --with-multilib-list=m32,m64,mx32 --with-tune=generic --enable-checking=release --build=x86_64-linux-gnu --host=x86_64-linux-gnu --target=x86_64-linux-gnu
Thread model: posix
gcc version 4.8.4 (Ubuntu 4.8.4-2ubuntu1~14.04) 
configure:3363: $? = 0
configure:3352: gcc -V >&5
gcc: error: unrecognized command line option '-V'
gcc: fatal error: no input files
compilation terminated.
configure:3363: $? = 4
configure:3352: gcc -qversion >&5
gcc: error: unrecognized command line option '-qversion'
gcc: fatal error: no input files
compilation terminated.
configure:3363: $? = 4
configure:3383: checking whether the C compiler works
configure:3405: gcc    conftest.c  >&5
configure:3409: $? = 0
configure:3457: result: yes
configure:3460: checking for C compiler default output file name
configure:3462: result: a.out
configure:3468: checking for suffix of executables
configure:3475: gcc -o conftest    conftest.c  >&5
configure:3479: $? = 0
configure:3501: result: 
configure:3523: checking whether we are cross compiling
configure:3531: gcc -o conftest    conftest.c  >&5
configure:3535: $? = 0
configure:3542: ./conftest
configure:3546: $? = 0
configure:3561: result: no
configure:3566: checking for suffix of object files
configure:3588: gcc -c   conftest.c >&5
configure:3592: $? = 0
configure:3613: result: o
configure:3617: checking whether we are using the GNU C compiler
configure:3636: gcc -c   conftest.c >&5
configure:3636: $? = 0
configure:3645: result: yes
configure:3654: checking whether gcc accepts -g
configure:3674: gcc -c -g  conftest.c >&5
configure:3674: $? = 0
configure:3715: result: yes
configure:3732: checking for gcc option to accept ISO C89
configure:3795: gcc  -c -g -O2  conftest.c >&5
configure:3795: $? = 0
configure:3808: result: none needed
configure:3830: checking dependency style of gcc
configure:3941: result: gcc3
configure:3956: checking for a sed that does not truncate output
configure:4020: result: /bin/sed
configure:4038: checking for grep that handles long lines and -e
configure:4096: result: /bin/grep
configure:4101: checking for egrep
configure:4163: result: /bin/grep -E
configure:4168: checking for fgrep
configure:4230: result: /bin/grep -F
configure:4265: checking for ld used by gcc
configure:4332: result: /usr/bin/ld
configure:4339: checking if the linker (/usr/bin/ld) is GNU ld
configure:4354: result: yes
configure:4366: checking for BSD- or MS-compatible name lister (nm)
configure:4415: result: /usr/bin/nm -B
configure:4545: checking the name lister (/usr/bin/nm -B) interface
configure:4552: gcc -c -g -O2  conftest.c >&5
configure:4555: /usr/bin/nm -B "conftest.o"
configure:4558: output
0000000000000000 B some_variable
configure:4565: result: BSD nm
configure:4568: checking whether ln -s works
configure:4572: result: yes
configure:4580: checking the maximum length of command line arguments
configure:4710: result: 1572864
configure:4727: checking whether the shell understands some XSI constructs
configure:4737: result: yes
configure:4741: checking whether the shell understands "+="
configure:4747: result: yes
configure:4782: checking how to convert x86_64-unknown-linux-gnu file names to x86_64-unknown-linux-gnu format
configure:4822: result: func_convert_file_noop
configure:4829: checking how to convert x86_64-unknown-linux-gnu file names to toolchain format
configure:4849: result: func_convert_file_noop
configure:4856: checking for /usr/bin/ld option to reload object files
configure:4863: result: -r
configure:4937: checking for objdump
configure:4953: found /usr/bin/objdump
configure:4964: result: objdump
configure:4996: checking how to recognize dependent libraries
configure:5198: result: pass_all
configure:5283: checking for dlltool
configure:5313: result: no
configure:5343: checking how to associate runtime and link libraries
configure:5370: result: printf %s\n
configure:5431: checking for ar
configure:5447: found /usr/bin/ar
configure:5458: result: ar
configure:5495: checking for archiver @FILE support
configure:5512: gcc -c -g -O2  conftest.c >&5
configure:5512: $? = 0
configure:5515: ar cru libconftest.a @conftest.lst >&5
configure:5518: $? = 0
configure:5523: ar cru libconftest.a @conftest.lst >&5
ar: conftest.o: No such file or directory
configure:5526: $? = 1
configure:5538: result: @
configure:5596: checking for strip
configure:5612: found /usr/bin/strip
configure:5623: result: strip
configure:5695: checking for ranlib
configure:5711: found /usr/bin/ranlib
configure:5722: result: ranlib
configure:5824: checking command to parse /usr/bin/nm -B output from gcc object
configure:5944: gcc -c -g -O2  conftest.c >&5
configure:5947: $? = 0
configure:5951: /usr/bin/nm -B conftest.o \| sed -n -e 's/^.*[ ]\([ABCDGIRSTW][ABCDGIRSTW]*\)[ ][ ]*\([_A-Za-z][_A-Za-z0-9]*\)$/\1 \2 \2/p' | sed '/ __gnu_lto/d' \> conftest.nm
configure:5954: $? = 0
configure:6020: gcc -o conftest -g -O2   conftest.c conftstm.o >&5
configure:6023: $? = 0
configure:6061: result: ok
configure:6098: checking for sysroot
configure:6128: result: no
configure:6205: gcc -c -g -O2  conftest.c >&5
configure:6208: $? = 0
configure:6384: checking for mt
configure:6400: found /bin/mt
configure:6411: result: mt
configure:6434: checking if mt is a manifest tool
configure:6440: mt '-?'
configure:6448: result: no
configure:7090: checking how to run the C preprocessor
configure:7121: gcc -E  conftest.c
configure:7121: $? = 0
configure:7135: gcc -E  conftest.c
conftest.c:14:28: fatal error: ac_nonexistent.h: No such file or directory
 #include <ac_nonexistent.h>
                            ^
compilation terminated.
configure:7135: $? = 1
configure: failed program was:
| /* confdefs.h */
| #define PACKAGE_NAME "dbus-python"
| #define PACKAGE_TARNAME "dbus-python"
| #define PACKAGE_VERSION "1.2.0"
| #define PACKAGE_STRING "dbus-python 1.2.0"
| #define PACKAGE_BUGREPORT "http://bugs.freedesktop.org/enter_bug.cgi?product=dbus&component=python"
| #define PACKAGE_URL ""
| #define DBUS_PYTHON_MAJOR_VERSION 1
| #define DBUS_PYTHON_MINOR_VERSION 2
| #define DBUS_PYTHON_MICRO_VERSION 0
| #define PACKAGE "dbus-python"
| #define VERSION "1.2.0"
| /* end confdefs.h.  */
| #include <ac_nonexistent.h>
configure:7160: result: gcc -E
configure:7180: gcc -E  conftest.c
configure:7180: $? = 0
configure:7194: gcc -E  conftest.c
conftest.c:14:28: fatal error: ac_nonexistent.h: No such file or directory
 #include <ac_nonexistent.h>
                            ^
compilation terminated.
configure:7194: $? = 1
configure: failed program was:
| /* confdefs.h */
| #define PACKAGE_NAME "dbus-python"
| #define PACKAGE_TARNAME "dbus-python"
| #define PACKAGE_VERSION "1.2.0"
| #define PACKAGE_STRING "dbus-python 1.2.0"
| #define PACKAGE_BUGREPORT "http://bugs.freedesktop.org/enter_bug.cgi?product=dbus&component=python"
| #define PACKAGE_URL ""
| #define DBUS_PYTHON_MAJOR_VERSION 1
| #define DBUS_PYTHON_MINOR_VERSION 2
| #define DBUS_PYTHON_MICRO_VERSION 0
| #define PACKAGE "dbus-python"
| #define VERSION "1.2.0"
| /* end confdefs.h.  */
| #include <ac_nonexistent.h>
configure:7223: checking for ANSI C header files
configure:7243: gcc -c -g -O2  conftest.c >&5
configure:7243: $? = 0
configure:7316: gcc -o conftest -g -O2   conftest.c  >&5
configure:7316: $? = 0
configure:7316: ./conftest
configure:7316: $? = 0
configure:7327: result: yes
configure:7340: checking for sys/types.h
configure:7340: gcc -c -g -O2  conftest.c >&5
configure:7340: $? = 0
configure:7340: result: yes
configure:7340: checking for sys/stat.h
configure:7340: gcc -c -g -O2  conftest.c >&5
configure:7340: $? = 0
configure:7340: result: yes
configure:7340: checking for stdlib.h
configure:7340: gcc -c -g -O2  conftest.c >&5
configure:7340: $? = 0
configure:7340: result: yes
configure:7340: checking for string.h
configure:7340: gcc -c -g -O2  conftest.c >&5
configure:7340: $? = 0
configure:7340: result: yes
configure:7340: checking for memory.h
configure:7340: gcc -c -g -O2  conftest.c >&5
configure:7340: $? = 0
configure:7340: result: yes
configure:7340: checking for strings.h
configure:7340: gcc -c -g -O2  conftest.c >&5
configure:7340: $? = 0
configure:7340: result: yes
configure:7340: checking for inttypes.h
configure:7340: gcc -c -g -O2  conftest.c >&5
configure:7340: $? = 0
configure:7340: result: yes
configure:7340: checking for stdint.h
configure:7340: gcc -c -g -O2  conftest.c >&5
configure:7340: $? = 0
configure:7340: result: yes
configure:7340: checking for unistd.h
configure:7340: gcc -c -g -O2  conftest.c >&5
configure:7340: $? = 0
configure:7340: result: yes
configure:7354: checking for dlfcn.h
configure:7354: gcc -c -g -O2  conftest.c >&5
configure:7354: $? = 0
configure:7354: result: yes
configure:7530: checking for objdir
configure:7545: result: .libs
configure:7816: checking if gcc supports -fno-rtti -fno-exceptions
configure:7834: gcc -c -g -O2  -fno-rtti -fno-exceptions conftest.c >&5
cc1: warning: command line option '-fno-rtti' is valid for C++/ObjC++ but not for C [enabled by default]
configure:7838: $? = 0
configure:7851: result: no
configure:8178: checking for gcc option to produce PIC
configure:8185: result: -fPIC -DPIC
configure:8193: checking if gcc PIC flag -fPIC -DPIC works
configure:8211: gcc -c -g -O2  -fPIC -DPIC -DPIC conftest.c >&5
configure:8215: $? = 0
configure:8228: result: yes
configure:8257: checking if gcc static flag -static works
configure:8285: result: yes
configure:8300: checking if gcc supports -c -o file.o
configure:8321: gcc -c -g -O2  -o out/conftest2.o conftest.c >&5
configure:8325: $? = 0
configure:8347: result: yes
configure:8355: checking if gcc supports -c -o file.o
configure:8402: result: yes
configure:8435: checking whether the gcc linker (/usr/bin/ld -m elf_x86_64) supports shared libraries
configure:9592: result: yes
configure:9629: checking whether -lc should be explicitly linked in
configure:9637: gcc -c -g -O2  conftest.c >&5
configure:9640: $? = 0
configure:9655: gcc -shared  -fPIC -DPIC conftest.o  -v -Wl,-soname -Wl,conftest -o conftest 2\>\&1 \| /bin/grep  -lc  \>/dev/null 2\>\&1
configure:9658: $? = 0
configure:9672: result: no
configure:9832: checking dynamic linker characteristics
configure:10343: gcc -o conftest -g -O2   -Wl,-rpath -Wl,/foo conftest.c  >&5
configure:10343: $? = 0
configure:10577: result: GNU/Linux ld.so
configure:10684: checking how to hardcode library paths into programs
configure:10709: result: immediate
configure:11249: checking whether stripping libraries is possible
configure:11254: result: yes
configure:11289: checking if libtool supports shared libraries
configure:11291: result: yes
configure:11294: checking whether to build shared libraries
configure:11315: result: yes
configure:11318: checking whether to build static libraries
configure:11322: result: no
configure:11360: checking whether gcc and cc understand -c and -o together
configure:11391: gcc -c conftest.c -o conftest2.o >&5
configure:11395: $? = 0
configure:11401: gcc -c conftest.c -o conftest2.o >&5
configure:11405: $? = 0
configure:11416: cc -c conftest.c >&5
configure:11420: $? = 0
configure:11428: cc -c conftest.c -o conftest2.o >&5
configure:11432: $? = 0
configure:11438: cc -c conftest.c -o conftest2.o >&5
configure:11442: $? = 0
configure:11460: result: yes
configure:11485: checking for inline
configure:11501: gcc -c -g -O2  conftest.c >&5
configure:11501: $? = 0
configure:11509: result: inline
configure:11561: checking for a Python interpreter with version >= 2.6
configure:11578: python -c import sys # split strings by '.' and convert to numeric. Append some zeros # because we need at least 4 digits for the hex conversion. # map returns an iterator in Python 3.0 and a list in 2.x minver = list(map(int, '2.6'.split('.'))) + [0, 0, 0] minverhex = 0 # xrange is not present in Python 3.0 and range returns an iterator for i in list(range(0, 4)): minverhex = (minverhex << 8) + minver[i] sys.exit(sys.hexversion < minverhex)
configure:11581: $? = 0
configure:11587: result: python
configure:11595: checking for python
configure:11613: found /usr/bin/python
configure:11625: result: /usr/bin/python
configure:11643: checking for python version
configure:11650: result: 2.7
configure:11662: checking for python platform
configure:11669: result: linux2
configure:11676: checking for python script directory
configure:11704: result: ${prefix}/lib/python2.7/dist-packages
configure:11713: checking for python extension module directory
configure:11741: result: ${exec_prefix}/lib/python2.7/dist-packages
configure:11763: checking for Python headers using /usr/bin/python-config --includes
configure:11770: result: failed, will try another way
configure:11774: checking for Python headers in /usr and /usr
configure:11780: result: -I/usr/include/python2.7
configure:11785: checking whether those headers are sufficient
configure:11794: gcc -E  -I/usr/include/python2.7 conftest.c
conftest.c:26:20: fatal error: Python.h: No such file or directory
 #include <Python.h>
                    ^
compilation terminated.
configure:11794: $? = 1
configure: failed program was:
| /* confdefs.h */
| #define PACKAGE_NAME "dbus-python"
| #define PACKAGE_TARNAME "dbus-python"
| #define PACKAGE_VERSION "1.2.0"
| #define PACKAGE_STRING "dbus-python 1.2.0"
| #define PACKAGE_BUGREPORT "http://bugs.freedesktop.org/enter_bug.cgi?product=dbus&component=python"
| #define PACKAGE_URL ""
| #define DBUS_PYTHON_MAJOR_VERSION 1
| #define DBUS_PYTHON_MINOR_VERSION 2
| #define DBUS_PYTHON_MICRO_VERSION 0
| #define PACKAGE "dbus-python"
| #define VERSION "1.2.0"
| #define STDC_HEADERS 1
| #define HAVE_SYS_TYPES_H 1
| #define HAVE_SYS_STAT_H 1
| #define HAVE_STDLIB_H 1
| #define HAVE_STRING_H 1
| #define HAVE_MEMORY_H 1
| #define HAVE_STRINGS_H 1
| #define HAVE_INTTYPES_H 1
| #define HAVE_STDINT_H 1
| #define HAVE_UNISTD_H 1
| #define HAVE_DLFCN_H 1
| #define LT_OBJDIR ".libs/"
| /* end confdefs.h.  */
| #include <Python.h>
configure:11799: result: no
configure:11801: error: could not find Python headers

## ---------------- ##
## Cache variables. ##
## ---------------- ##

ac_cv_build=x86_64-unknown-linux-gnu
ac_cv_c_compiler_gnu=yes
ac_cv_c_inline=inline
ac_cv_env_CC_set=
ac_cv_env_CC_value=
ac_cv_env_CFLAGS_set=
ac_cv_env_CFLAGS_value=
ac_cv_env_CPPFLAGS_set=
ac_cv_env_CPPFLAGS_value=
ac_cv_env_CPP_set=
ac_cv_env_CPP_value=
ac_cv_env_DBUS_CFLAGS_set=
ac_cv_env_DBUS_CFLAGS_value=
ac_cv_env_DBUS_GLIB_CFLAGS_set=
ac_cv_env_DBUS_GLIB_CFLAGS_value=
ac_cv_env_DBUS_GLIB_LIBS_set=
ac_cv_env_DBUS_GLIB_LIBS_value=
ac_cv_env_DBUS_LIBS_set=
ac_cv_env_DBUS_LIBS_value=
ac_cv_env_LDFLAGS_set=
ac_cv_env_LDFLAGS_value=
ac_cv_env_LIBS_set=
ac_cv_env_LIBS_value=
ac_cv_env_PKG_CONFIG_LIBDIR_set=
ac_cv_env_PKG_CONFIG_LIBDIR_value=
ac_cv_env_PKG_CONFIG_PATH_set=
ac_cv_env_PKG_CONFIG_PATH_value=
ac_cv_env_PKG_CONFIG_set=
ac_cv_env_PKG_CONFIG_value=
ac_cv_env_PYTHON_INCLUDES_set=
ac_cv_env_PYTHON_INCLUDES_value=
ac_cv_env_PYTHON_LIBS_set=
ac_cv_env_PYTHON_LIBS_value=
ac_cv_env_PYTHON_set=
ac_cv_env_PYTHON_value=
ac_cv_env_build_alias_set=
ac_cv_env_build_alias_value=
ac_cv_env_host_alias_set=
ac_cv_env_host_alias_value=
ac_cv_env_target_alias_set=
ac_cv_env_target_alias_value=
ac_cv_header_dlfcn_h=yes
ac_cv_header_inttypes_h=yes
ac_cv_header_memory_h=yes
ac_cv_header_stdc=yes
ac_cv_header_stdint_h=yes
ac_cv_header_stdlib_h=yes
ac_cv_header_string_h=yes
ac_cv_header_strings_h=yes
ac_cv_header_sys_stat_h=yes
ac_cv_header_sys_types_h=yes
ac_cv_header_unistd_h=yes
ac_cv_host=x86_64-unknown-linux-gnu
ac_cv_objext=o
ac_cv_path_EGREP='/bin/grep -E'
ac_cv_path_FGREP='/bin/grep -F'
ac_cv_path_GREP=/bin/grep
ac_cv_path_PYTHON=/usr/bin/python
ac_cv_path_SED=/bin/sed
ac_cv_path_install='/usr/bin/install -c'
ac_cv_path_mkdir=/bin/mkdir
ac_cv_prog_AWK=mawk
ac_cv_prog_CPP='gcc -E'
ac_cv_prog_ac_ct_AR=ar
ac_cv_prog_ac_ct_CC=gcc
ac_cv_prog_ac_ct_MANIFEST_TOOL=mt
ac_cv_prog_ac_ct_OBJDUMP=objdump
ac_cv_prog_ac_ct_RANLIB=ranlib
ac_cv_prog_ac_ct_STRIP=strip
ac_cv_prog_cc_c89=
ac_cv_prog_cc_g=yes
ac_cv_prog_cc_gcc_c_o=yes
ac_cv_prog_make_make_set=yes
am_cv_CC_dependencies_compiler_type=gcc3
am_cv_make_support_nested_variables=yes
am_cv_pathless_PYTHON=python
am_cv_python_platform=linux2
am_cv_python_pyexecdir='${exec_prefix}/lib/python2.7/dist-packages'
am_cv_python_pythondir='${prefix}/lib/python2.7/dist-packages'
am_cv_python_version=2.7
lt_cv_ar_at_file=@
lt_cv_archive_cmds_need_lc=no
lt_cv_deplibs_check_method=pass_all
lt_cv_file_magic_cmd='$MAGIC_CMD'
lt_cv_file_magic_test_file=
lt_cv_ld_reload_flag=-r
lt_cv_nm_interface='BSD nm'
lt_cv_objdir=.libs
lt_cv_path_LD=/usr/bin/ld
lt_cv_path_NM='/usr/bin/nm -B'
lt_cv_path_mainfest_tool=no
lt_cv_prog_compiler_c_o=yes
lt_cv_prog_compiler_pic='-fPIC -DPIC'
lt_cv_prog_compiler_pic_works=yes
lt_cv_prog_compiler_rtti_exceptions=no
lt_cv_prog_compiler_static_works=yes
lt_cv_prog_gnu_ld=yes
lt_cv_sharedlib_from_linklib_cmd='printf %s\n'
lt_cv_shlibpath_overrides_runpath=no
lt_cv_sys_global_symbol_pipe='sed -n -e '\''s/^.*[	 ]\([ABCDGIRSTW][ABCDGIRSTW]*\)[	 ][	 ]*\([_A-Za-z][_A-Za-z0-9]*\)$/\1 \2 \2/p'\'' | sed '\''/ __gnu_lto/d'\'''
lt_cv_sys_global_symbol_to_c_name_address='sed -n -e '\''s/^: \([^ ]*\)[ ]*$/  {\"\1\", (void *) 0},/p'\'' -e '\''s/^[ABCDGIRSTW]* \([^ ]*\) \([^ ]*\)$/  {"\2", (void *) \&\2},/p'\'''
lt_cv_sys_global_symbol_to_c_name_address_lib_prefix='sed -n -e '\''s/^: \([^ ]*\)[ ]*$/  {\"\1\", (void *) 0},/p'\'' -e '\''s/^[ABCDGIRSTW]* \([^ ]*\) \(lib[^ ]*\)$/  {"\2", (void *) \&\2},/p'\'' -e '\''s/^[ABCDGIRSTW]* \([^ ]*\) \([^ ]*\)$/  {"lib\2", (void *) \&\2},/p'\'''
lt_cv_sys_global_symbol_to_cdecl='sed -n -e '\''s/^T .* \(.*\)$/extern int \1();/p'\'' -e '\''s/^[ABCDGIRSTW]* .* \(.*\)$/extern char \1;/p'\'''
lt_cv_sys_max_cmd_len=1572864
lt_cv_to_host_file_cmd=func_convert_file_noop
lt_cv_to_tool_file_cmd=func_convert_file_noop

## ----------------- ##
## Output variables. ##
## ----------------- ##

ACLOCAL='${SHELL} /home/lh/working/dbus-lab/learning-dbus/dbus-python-1.2.0/missing --run aclocal-1.11'
AMDEPBACKSLASH='\'
AMDEP_FALSE='#'
AMDEP_TRUE=''
AMTAR='$${TAR-tar}'
AM_BACKSLASH='\'
AM_DEFAULT_V='$(AM_DEFAULT_VERBOSITY)'
AM_DEFAULT_VERBOSITY='1'
AM_V='$(V)'
AR='ar'
AUTOCONF='${SHELL} /home/lh/working/dbus-lab/learning-dbus/dbus-python-1.2.0/missing --run autoconf'
AUTOHEADER='${SHELL} /home/lh/working/dbus-lab/learning-dbus/dbus-python-1.2.0/missing --run autoheader'
AUTOMAKE='${SHELL} /home/lh/working/dbus-lab/learning-dbus/dbus-python-1.2.0/missing --run automake-1.11'
AWK='mawk'
CC='gcc'
CCDEPMODE='depmode=gcc3'
CFLAGS='-g -O2'
CPP='gcc -E'
CPPFLAGS=' -I/usr/include/python2.7'
CYGPATH_W='echo'
DBUS_CFLAGS=''
DBUS_GLIB_CFLAGS=''
DBUS_GLIB_LIBS=''
DBUS_LIBS=''
DBUS_PYTHON_MAJOR_VERSION='1'
DBUS_PYTHON_MICRO_VERSION='0'
DBUS_PYTHON_MINOR_VERSION='2'
DEFS=''
DEPDIR='.deps'
DLLTOOL='false'
DSYMUTIL=''
DUMPBIN=''
ECHO_C=''
ECHO_N='-n'
ECHO_T=''
EGREP='/bin/grep -E'
ENABLE_API_DOCS_FALSE=''
ENABLE_API_DOCS_TRUE=''
ENABLE_DOCS_FALSE=''
ENABLE_DOCS_TRUE=''
EPYDOC=''
EXEEXT=''
FGREP='/bin/grep -F'
GREP='/bin/grep'
HAVE_PYTHON_3_FALSE=''
HAVE_PYTHON_3_TRUE=''
INSTALL_DATA='${INSTALL} -m 644'
INSTALL_PROGRAM='${INSTALL}'
INSTALL_SCRIPT='${INSTALL}'
INSTALL_STRIP_PROGRAM='$(install_sh) -c -s'
LD='/usr/bin/ld -m elf_x86_64'
LDFLAGS=''
LIBOBJS=''
LIBS=''
LIBTOOL='$(SHELL) $(top_builddir)/libtool'
LIPO=''
LN_S='ln -s'
LTLIBOBJS=''
MAKEINFO='${SHELL} /home/lh/working/dbus-lab/learning-dbus/dbus-python-1.2.0/missing --run makeinfo'
MANIFEST_TOOL=':'
MKDIR_P='/bin/mkdir -p'
NM='/usr/bin/nm -B'
NMEDIT=''
OBJDUMP='objdump'
OBJEXT='o'
OTOOL64=''
OTOOL=''
PACKAGE='dbus-python'
PACKAGE_BUGREPORT='http://bugs.freedesktop.org/enter_bug.cgi?product=dbus&component=python'
PACKAGE_NAME='dbus-python'
PACKAGE_STRING='dbus-python 1.2.0'
PACKAGE_TARNAME='dbus-python'
PACKAGE_URL=''
PACKAGE_VERSION='1.2.0'
PATH_SEPARATOR=':'
PKG_CONFIG=''
PKG_CONFIG_LIBDIR=''
PKG_CONFIG_PATH=''
PLATFORM=''
PYTHON='/usr/bin/python'
PYTHON_EXEC_PREFIX='${exec_prefix}'
PYTHON_INCLUDES='-I/usr/include/python2.7'
PYTHON_LIBS=''
PYTHON_PLATFORM='linux2'
PYTHON_PREFIX='${prefix}'
PYTHON_VERSION='2.7'
RANLIB='ranlib'
RST2HTML=''
RST2HTMLFLAGS=''
SED='/bin/sed'
SET_MAKE=''
SHELL='/bin/bash'
STRIP='strip'
VERSION='1.2.0'
WINDOWS_FALSE=''
WINDOWS_TRUE='#'
ac_ct_AR='ar'
ac_ct_CC='gcc'
ac_ct_DUMPBIN=''
am__EXEEXT_FALSE=''
am__EXEEXT_TRUE=''
am__fastdepCC_FALSE='#'
am__fastdepCC_TRUE=''
am__include='include'
am__isrc=''
am__leading_dot='.'
am__nodep='_no'
am__quote=''
am__tar='$${TAR-tar} chof - "$$tardir"'
am__untar='$${TAR-tar} xf -'
bindir='${exec_prefix}/bin'
build='x86_64-unknown-linux-gnu'
build_alias=''
build_cpu='x86_64'
build_os='linux-gnu'
build_vendor='unknown'
datadir='${datarootdir}'
datarootdir='${prefix}/share'
docdir='${datarootdir}/doc/${PACKAGE_TARNAME}'
dvidir='${docdir}'
exec_prefix='NONE'
host='x86_64-unknown-linux-gnu'
host_alias=''
host_cpu='x86_64'
host_os='linux-gnu'
host_vendor='unknown'
htmldir='${docdir}'
includedir='${prefix}/include'
infodir='${datarootdir}/info'
install_sh='${SHELL} /home/lh/working/dbus-lab/learning-dbus/dbus-python-1.2.0/install-sh'
libdir='${exec_prefix}/lib'
libexecdir='${exec_prefix}/libexec'
localedir='${datarootdir}/locale'
localstatedir='${prefix}/var'
mandir='${datarootdir}/man'
mkdir_p='/bin/mkdir -p'
oldincludedir='/usr/include'
pdfdir='${docdir}'
pkgpyexecdir='${pyexecdir}/dbus-python'
pkgpythondir='${pythondir}/dbus-python'
prefix='NONE'
program_transform_name='s,x,x,'
psdir='${docdir}'
pyexecdir='${exec_prefix}/lib/python2.7/dist-packages'
pythondir='${prefix}/lib/python2.7/dist-packages'
sbindir='${exec_prefix}/sbin'
sharedstatedir='${prefix}/com'
sysconfdir='${prefix}/etc'
target_alias=''

## ----------- ##
## confdefs.h. ##
## ----------- ##

/* confdefs.h */
#define PACKAGE_NAME "dbus-python"
#define PACKAGE_TARNAME "dbus-python"
#define PACKAGE_VERSION "1.2.0"
#define PACKAGE_STRING "dbus-python 1.2.0"
#define PACKAGE_BUGREPORT "http://bugs.freedesktop.org/enter_bug.cgi?product=dbus&component=python"
#define PACKAGE_URL ""
#define DBUS_PYTHON_MAJOR_VERSION 1
#define DBUS_PYTHON_MINOR_VERSION 2
#define DBUS_PYTHON_MICRO_VERSION 0
#define PACKAGE "dbus-python"
#define VERSION "1.2.0"
#define STDC_HEADERS 1
#define HAVE_SYS_TYPES_H 1
#define HAVE_SYS_STAT_H 1
#define HAVE_STDLIB_H 1
#define HAVE_STRING_H 1
#define HAVE_MEMORY_H 1
#define HAVE_STRINGS_H 1
#define HAVE_INTTYPES_H 1
#define HAVE_STDINT_H 1
#define HAVE_UNISTD_H 1
#define HAVE_DLFCN_H 1
#define LT_OBJDIR ".libs/"

configure: exit 1
